<?xml version="1.0" encoding="UTF-8"?>
<testng-results ignored="0" total="2" passed="2" failed="0" skipped="0">
  <reporter-output>
  </reporter-output>
  <suite started-at="2021-04-09T13:29:42 EDT" name="Default suite" finished-at="2021-04-09T13:30:04 EDT" duration-ms="21911">
    <groups>
    </groups>
    <test started-at="2021-04-09T13:29:42 EDT" name="Default test" finished-at="2021-04-09T13:30:04 EDT" duration-ms="21911">
      <class name="EndToEnd.FrameworkE2E.Homepage">
        <test-method is-config="true" signature="initialize()[pri:0, instance:EndToEnd.FrameworkE2E.Homepage@1b2abca6]" started-at="2021-04-09T13:29:42 EDT" name="initialize" finished-at="2021-04-09T13:29:48 EDT" duration-ms="5598" status="PASS">
          <reporter-output>
          </reporter-output>
        </test-method> <!-- initialize -->
        <test-method signature="basePageNavigation(java.lang.String,java.lang.String)[pri:0, instance:EndToEnd.FrameworkE2E.Homepage@1b2abca6]" started-at="2021-04-09T13:29:48 EDT" name="basePageNavigation" data-provider="getData" finished-at="2021-04-09T13:29:58 EDT" duration-ms="10122" status="PASS">
          <params>
            <param index="0">
              <value>
                <![CDATA[nonrestricteduser@qw.com]]>
              </value>
            </param>
            <param index="1">
              <value>
                <![CDATA[123456]]>
              </value>
            </param>
          </params>
          <reporter-output>
          </reporter-output>
        </test-method> <!-- basePageNavigation -->
        <test-method signature="basePageNavigation(java.lang.String,java.lang.String)[pri:0, instance:EndToEnd.FrameworkE2E.Homepage@1b2abca6]" started-at="2021-04-09T13:29:58 EDT" name="basePageNavigation" data-provider="getData" finished-at="2021-04-09T13:30:03 EDT" duration-ms="4886" status="PASS">
          <params>
            <param index="0">
              <value>
                <![CDATA[restricteduser@qw.com]]>
              </value>
            </param>
            <param index="1">
              <value>
                <![CDATA[456788]]>
              </value>
            </param>
          </params>
          <reporter-output>
          </reporter-output>
        </test-method> <!-- basePageNavigation -->
        <test-method is-config="true" signature="tearDown()[pri:0, instance:EndToEnd.FrameworkE2E.Homepage@1b2abca6]" started-at="2021-04-09T13:30:03 EDT" name="tearDown" finished-at="2021-04-09T13:30:04 EDT" duration-ms="811" status="PASS">
          <reporter-output>
          </reporter-output>
        </test-method> <!-- tearDown -->
      </class> <!-- EndToEnd.FrameworkE2E.Homepage -->
    </test> <!-- Default test -->
  </suite> <!-- Default suite -->
</testng-results>
